2016-04-25 21:25:17,526 887  [main] INFO  c.b.m.c.c.MondCoreServicesApplication - Starting MondCoreServicesApplication on Vaders-MacBook-Pro.local with PID 52978 (/Users/vader/Development/monitor.d/microservices/core-api/target/classes started by vader in /Users/vader/Development/monitor.d/microservices/core-api)
2016-04-25 21:25:17,529 890  [main] INFO  c.b.m.c.c.MondCoreServicesApplication - The following profiles are active: dev
2016-04-25 21:25:17,612 973  [main] INFO  o.s.b.c.e.AnnotationConfigEmbeddedWebApplicationContext - Refreshing org.springframework.boot.context.embedded.AnnotationConfigEmbeddedWebApplicationContext@3ddd4e03: startup date [Mon Apr 25 21:25:17 EDT 2016]; root of context hierarchy
2016-04-25 21:25:17,956 1317 [background-preinit] INFO  o.h.validator.internal.util.Version - HV000001: Hibernate Validator 5.2.4.Final
2016-04-25 21:25:18,758 2119 [main] INFO  o.s.b.f.s.DefaultListableBeanFactory - Overriding bean definition for bean 'beanNameViewResolver' with a different definition: replacing [Root bean: class [null]; scope=; abstract=false; lazyInit=false; autowireMode=3; dependencyCheck=0; autowireCandidate=true; primary=false; factoryBeanName=org.springframework.boot.autoconfigure.web.ErrorMvcAutoConfiguration$WhitelabelErrorViewConfiguration; factoryMethodName=beanNameViewResolver; initMethodName=null; destroyMethodName=(inferred); defined in class path resource [org/springframework/boot/autoconfigure/web/ErrorMvcAutoConfiguration$WhitelabelErrorViewConfiguration.class]] with [Root bean: class [null]; scope=; abstract=false; lazyInit=false; autowireMode=3; dependencyCheck=0; autowireCandidate=true; primary=false; factoryBeanName=org.springframework.boot.autoconfigure.web.WebMvcAutoConfiguration$WebMvcAutoConfigurationAdapter; factoryMethodName=beanNameViewResolver; initMethodName=null; destroyMethodName=(inferred); defined in class path resource [org/springframework/boot/autoconfigure/web/WebMvcAutoConfiguration$WebMvcAutoConfigurationAdapter.class]]
2016-04-25 21:25:19,736 3097 [main] INFO  o.s.b.c.e.t.TomcatEmbeddedServletContainer - Tomcat initialized with port(s): 8181 (http)
2016-04-25 21:25:19,756 3117 [main] INFO  o.a.catalina.core.StandardService - Starting service Tomcat
2016-04-25 21:25:19,758 3119 [main] INFO  o.a.catalina.core.StandardEngine - Starting Servlet Engine: Apache Tomcat/8.0.32
2016-04-25 21:25:19,854 3215 [localhost-startStop-1] INFO  o.a.c.c.C.[Tomcat].[localhost].[/] - Initializing Spring embedded WebApplicationContext
2016-04-25 21:25:19,854 3215 [localhost-startStop-1] INFO  o.s.web.context.ContextLoader - Root WebApplicationContext: initialization completed in 2242 ms
2016-04-25 21:25:20,266 3627 [localhost-startStop-1] INFO  o.s.b.c.e.ServletRegistrationBean - Mapping servlet: 'dispatcherServlet' to [/]
2016-04-25 21:25:20,270 3631 [localhost-startStop-1] INFO  o.s.b.c.e.FilterRegistrationBean - Mapping filter: 'metricFilter' to: [/*]
2016-04-25 21:25:20,270 3631 [localhost-startStop-1] INFO  o.s.b.c.e.FilterRegistrationBean - Mapping filter: 'characterEncodingFilter' to: [/*]
2016-04-25 21:25:20,271 3632 [localhost-startStop-1] INFO  o.s.b.c.e.FilterRegistrationBean - Mapping filter: 'hiddenHttpMethodFilter' to: [/*]
2016-04-25 21:25:20,271 3632 [localhost-startStop-1] INFO  o.s.b.c.e.FilterRegistrationBean - Mapping filter: 'httpPutFormContentFilter' to: [/*]
2016-04-25 21:25:20,271 3632 [localhost-startStop-1] INFO  o.s.b.c.e.FilterRegistrationBean - Mapping filter: 'requestContextFilter' to: [/*]
2016-04-25 21:25:20,271 3632 [localhost-startStop-1] INFO  o.s.b.c.e.FilterRegistrationBean - Mapping filter: 'webRequestLoggingFilter' to: [/*]
2016-04-25 21:25:20,271 3632 [localhost-startStop-1] INFO  o.s.b.c.e.FilterRegistrationBean - Mapping filter: 'applicationContextIdFilter' to: [/*]
2016-04-25 21:25:21,301 4662 [main] INFO  o.s.w.s.m.m.a.RequestMappingHandlerMapping - Mapped "{[/api/jobs],methods=[GET]}" onto public java.util.List<com.bzcareer.monitord.core.model.JobDAO> com.bzcareer.monitord.core.controller.JobController.getAllJobs()
2016-04-25 21:25:21,302 4663 [main] INFO  o.s.w.s.m.m.a.RequestMappingHandlerMapping - Mapped "{[/api/jobs/{id}],methods=[GET]}" onto public com.bzcareer.monitord.core.model.JobDAO com.bzcareer.monitord.core.controller.JobController.getJobById(java.lang.String)
2016-04-25 21:25:21,302 4663 [main] INFO  o.s.w.s.m.m.a.RequestMappingHandlerMapping - Mapped "{[/api/jobs],methods=[POST]}" onto public com.bzcareer.monitord.core.model.JobDAO com.bzcareer.monitord.core.controller.JobController.createJob(com.bzcareer.monitord.core.model.JobDAO)
2016-04-25 21:25:21,303 4664 [main] INFO  o.s.w.s.m.m.a.RequestMappingHandlerMapping - Mapped "{[/api/jobs/{id}],methods=[PUT]}" onto public com.bzcareer.monitord.core.model.JobDAO com.bzcareer.monitord.core.controller.JobController.updateJob(com.bzcareer.monitord.core.model.JobDAO)
2016-04-25 21:25:21,303 4664 [main] INFO  o.s.w.s.m.m.a.RequestMappingHandlerMapping - Mapped "{[/api/jobs/{id}],methods=[DELETE]}" onto public com.bzcareer.monitord.core.model.JobDAO com.bzcareer.monitord.core.controller.JobController.deleteJob(java.lang.String)
2016-04-25 21:25:21,306 4667 [main] INFO  o.s.w.s.m.m.a.RequestMappingHandlerMapping - Mapped "{[/api/logs],methods=[GET]}" onto public java.util.List<com.bzcareer.monitord.core.model.LogDAO> com.bzcareer.monitord.core.controller.LogController.getAllLogs()
2016-04-25 21:25:21,306 4667 [main] INFO  o.s.w.s.m.m.a.RequestMappingHandlerMapping - Mapped "{[/api/logs/{id}],methods=[GET]}" onto public com.bzcareer.monitord.core.model.LogDAO com.bzcareer.monitord.core.controller.LogController.getLogById(java.lang.String)
2016-04-25 21:25:21,306 4667 [main] INFO  o.s.w.s.m.m.a.RequestMappingHandlerMapping - Mapped "{[/api/logs],methods=[POST]}" onto public com.bzcareer.monitord.core.model.LogDAO com.bzcareer.monitord.core.controller.LogController.createLog(com.bzcareer.monitord.core.model.LogDAO)
2016-04-25 21:25:21,306 4667 [main] INFO  o.s.w.s.m.m.a.RequestMappingHandlerMapping - Mapped "{[/api/logs/{id}],methods=[PUT]}" onto public com.bzcareer.monitord.core.model.LogDAO com.bzcareer.monitord.core.controller.LogController.updateLog(com.bzcareer.monitord.core.model.LogDAO)
2016-04-25 21:25:21,307 4668 [main] INFO  o.s.w.s.m.m.a.RequestMappingHandlerMapping - Mapped "{[/api/logs/{id}],methods=[DELETE]}" onto public com.bzcareer.monitord.core.model.LogDAO com.bzcareer.monitord.core.controller.LogController.deleteLog(java.lang.String)
2016-04-25 21:25:21,308 4669 [main] INFO  o.s.w.s.m.m.a.RequestMappingHandlerMapping - Mapped "{[/api/nodes/{id}],methods=[DELETE]}" onto public com.bzcareer.monitord.core.model.NodeDAO com.bzcareer.monitord.core.controller.NodeController.deleteNode(java.lang.String)
2016-04-25 21:25:21,309 4670 [main] INFO  o.s.w.s.m.m.a.RequestMappingHandlerMapping - Mapped "{[/api/nodes/{id}],methods=[GET]}" onto public com.bzcareer.monitord.core.model.NodeDAO com.bzcareer.monitord.core.controller.NodeController.getNodeById(java.lang.String)
2016-04-25 21:25:21,309 4670 [main] INFO  o.s.w.s.m.m.a.RequestMappingHandlerMapping - Mapped "{[/api/nodes],methods=[POST],consumes=[application/json],produces=[application/json]}" onto public com.bzcareer.monitord.core.model.NodeDAO com.bzcareer.monitord.core.controller.NodeController.createNode(com.bzcareer.monitord.core.model.NodeDAO)
2016-04-25 21:25:21,309 4670 [main] INFO  o.s.w.s.m.m.a.RequestMappingHandlerMapping - Mapped "{[/api/nodes],methods=[GET]}" onto public java.util.List<com.bzcareer.monitord.core.model.NodeDAO> com.bzcareer.monitord.core.controller.NodeController.getAllNodes()
2016-04-25 21:25:21,310 4671 [main] INFO  o.s.w.s.m.m.a.RequestMappingHandlerMapping - Mapped "{[/api/nodes/{id}],methods=[PUT]}" onto public com.bzcareer.monitord.core.model.NodeDAO com.bzcareer.monitord.core.controller.NodeController.updateNode(com.bzcareer.monitord.core.model.NodeDAO)
2016-04-25 21:25:21,311 4672 [main] INFO  o.s.w.s.m.m.a.RequestMappingHandlerMapping - Mapped "{[/api/notification],methods=[POST]}" onto public com.bzcareer.monitord.core.model.NotificationDAO com.bzcareer.monitord.core.controller.NotificationController.createNotification(com.bzcareer.monitord.core.model.NotificationDAO)
2016-04-25 21:25:21,311 4672 [main] INFO  o.s.w.s.m.m.a.RequestMappingHandlerMapping - Mapped "{[/api/notification],methods=[GET]}" onto public java.util.List<com.bzcareer.monitord.core.model.NotificationDAO> com.bzcareer.monitord.core.controller.NotificationController.getAllNotifications()
2016-04-25 21:25:21,311 4672 [main] INFO  o.s.w.s.m.m.a.RequestMappingHandlerMapping - Mapped "{[/api/notification/{id}],methods=[GET]}" onto public com.bzcareer.monitord.core.model.NotificationDAO com.bzcareer.monitord.core.controller.NotificationController.getNotificationById(java.lang.String)
2016-04-25 21:25:21,312 4673 [main] INFO  o.s.w.s.m.m.a.RequestMappingHandlerMapping - Mapped "{[/api/notification/{id}],methods=[PUT]}" onto public com.bzcareer.monitord.core.model.NotificationDAO com.bzcareer.monitord.core.controller.NotificationController.updateNotification(com.bzcareer.monitord.core.model.NotificationDAO)
2016-04-25 21:25:21,312 4673 [main] INFO  o.s.w.s.m.m.a.RequestMappingHandlerMapping - Mapped "{[/api/notification/{id}],methods=[DELETE]}" onto public com.bzcareer.monitord.core.model.NotificationDAO com.bzcareer.monitord.core.controller.NotificationController.deleteNotification(java.lang.String)
2016-04-25 21:25:21,313 4674 [main] INFO  o.s.w.s.m.m.a.RequestMappingHandlerMapping - Mapped "{[/api/users/{id}],methods=[GET]}" onto public com.bzcareer.monitord.core.model.UserDAO com.bzcareer.monitord.core.controller.UserController.getOneUser(java.lang.String)
2016-04-25 21:25:21,313 4674 [main] INFO  o.s.w.s.m.m.a.RequestMappingHandlerMapping - Mapped "{[/api/users],methods=[GET]}" onto public java.util.List<com.bzcareer.monitord.core.model.UserDAO> com.bzcareer.monitord.core.controller.UserController.getAllUsers()
2016-04-25 21:25:21,314 4675 [main] INFO  o.s.w.s.m.m.a.RequestMappingHandlerMapping - Mapped "{[/api/users],methods=[POST]}" onto public com.bzcareer.monitord.core.model.UserDAO com.bzcareer.monitord.core.controller.UserController.createUser(com.bzcareer.monitord.core.model.UserDAO)
2016-04-25 21:25:21,314 4675 [main] INFO  o.s.w.s.m.m.a.RequestMappingHandlerMapping - Mapped "{[/api/users/{id}],methods=[PUT]}" onto public com.bzcareer.monitord.core.model.UserDAO com.bzcareer.monitord.core.controller.UserController.updateUser(com.bzcareer.monitord.core.model.UserDAO)
2016-04-25 21:25:21,314 4675 [main] INFO  o.s.w.s.m.m.a.RequestMappingHandlerMapping - Mapped "{[/api/users/{id}],methods=[DELETE]}" onto public com.bzcareer.monitord.core.model.UserDAO com.bzcareer.monitord.core.controller.UserController.deleteUser(java.lang.String)
2016-04-25 21:25:21,315 4676 [main] INFO  o.s.w.s.m.m.a.RequestMappingHandlerMapping - Mapped "{[/v2/api-docs],methods=[GET],produces=[application/json || application/hal+json]}" onto public org.springframework.http.ResponseEntity<springfox.documentation.spring.web.json.Json> springfox.documentation.swagger2.web.Swagger2Controller.getDocumentation(java.lang.String,javax.servlet.http.HttpServletRequest)
2016-04-25 21:25:21,318 4679 [main] INFO  o.s.w.s.m.m.a.RequestMappingHandlerMapping - Mapped "{[/configuration/ui]}" onto org.springframework.http.ResponseEntity<springfox.documentation.swagger.web.UiConfiguration> springfox.documentation.swagger.web.ApiResourceController.uiConfiguration()
2016-04-25 21:25:21,319 4680 [main] INFO  o.s.w.s.m.m.a.RequestMappingHandlerMapping - Mapped "{[/configuration/security]}" onto org.springframework.http.ResponseEntity<springfox.documentation.swagger.web.SecurityConfiguration> springfox.documentation.swagger.web.ApiResourceController.securityConfiguration()
2016-04-25 21:25:21,319 4680 [main] INFO  o.s.w.s.m.m.a.RequestMappingHandlerMapping - Mapped "{[/swagger-resources]}" onto org.springframework.http.ResponseEntity<java.util.List<springfox.documentation.swagger.web.SwaggerResource>> springfox.documentation.swagger.web.ApiResourceController.swaggerResources()
2016-04-25 21:25:21,322 4683 [main] INFO  o.s.w.s.m.m.a.RequestMappingHandlerMapping - Mapped "{[/error]}" onto public org.springframework.http.ResponseEntity<java.util.Map<java.lang.String, java.lang.Object>> org.springframework.boot.autoconfigure.web.BasicErrorController.error(javax.servlet.http.HttpServletRequest)
2016-04-25 21:25:21,322 4683 [main] INFO  o.s.w.s.m.m.a.RequestMappingHandlerMapping - Mapped "{[/error],produces=[text/html]}" onto public org.springframework.web.servlet.ModelAndView org.springframework.boot.autoconfigure.web.BasicErrorController.errorHtml(javax.servlet.http.HttpServletRequest,javax.servlet.http.HttpServletResponse)
2016-04-25 21:25:21,783 5144 [main] INFO  o.s.b.a.e.m.EndpointHandlerMapping - Mapped "{[/dump || /dump.json],methods=[GET],produces=[application/json]}" onto public java.lang.Object org.springframework.boot.actuate.endpoint.mvc.EndpointMvcAdapter.invoke()
2016-04-25 21:25:21,784 5145 [main] INFO  o.s.b.a.e.m.EndpointHandlerMapping - Mapped "{[/health || /health.json],produces=[application/json]}" onto public java.lang.Object org.springframework.boot.actuate.endpoint.mvc.HealthMvcEndpoint.invoke(java.security.Principal)
2016-04-25 21:25:21,785 5146 [main] INFO  o.s.b.a.e.m.EndpointHandlerMapping - Mapped "{[/autoconfig || /autoconfig.json],methods=[GET],produces=[application/json]}" onto public java.lang.Object org.springframework.boot.actuate.endpoint.mvc.EndpointMvcAdapter.invoke()
2016-04-25 21:25:21,786 5147 [main] INFO  o.s.b.a.e.m.EndpointHandlerMapping - Mapped "{[/env/{name:.*}],methods=[GET],produces=[application/json]}" onto public java.lang.Object org.springframework.boot.actuate.endpoint.mvc.EnvironmentMvcEndpoint.value(java.lang.String)
2016-04-25 21:25:21,786 5147 [main] INFO  o.s.b.a.e.m.EndpointHandlerMapping - Mapped "{[/env || /env.json],methods=[GET],produces=[application/json]}" onto public java.lang.Object org.springframework.boot.actuate.endpoint.mvc.EndpointMvcAdapter.invoke()
2016-04-25 21:25:21,786 5147 [main] INFO  o.s.b.a.e.m.EndpointHandlerMapping - Mapped "{[/metrics/{name:.*}],methods=[GET],produces=[application/json]}" onto public java.lang.Object org.springframework.boot.actuate.endpoint.mvc.MetricsMvcEndpoint.value(java.lang.String)
2016-04-25 21:25:21,786 5147 [main] INFO  o.s.b.a.e.m.EndpointHandlerMapping - Mapped "{[/metrics || /metrics.json],methods=[GET],produces=[application/json]}" onto public java.lang.Object org.springframework.boot.actuate.endpoint.mvc.EndpointMvcAdapter.invoke()
2016-04-25 21:25:21,787 5148 [main] INFO  o.s.b.a.e.m.EndpointHandlerMapping - Mapped "{[/info || /info.json],methods=[GET],produces=[application/json]}" onto public java.lang.Object org.springframework.boot.actuate.endpoint.mvc.EndpointMvcAdapter.invoke()
2016-04-25 21:25:21,787 5148 [main] INFO  o.s.b.a.e.m.EndpointHandlerMapping - Mapped "{[/mappings || /mappings.json],methods=[GET],produces=[application/json]}" onto public java.lang.Object org.springframework.boot.actuate.endpoint.mvc.EndpointMvcAdapter.invoke()
2016-04-25 21:25:21,788 5149 [main] INFO  o.s.b.a.e.m.EndpointHandlerMapping - Mapped "{[/configprops || /configprops.json],methods=[GET],produces=[application/json]}" onto public java.lang.Object org.springframework.boot.actuate.endpoint.mvc.EndpointMvcAdapter.invoke()
2016-04-25 21:25:21,788 5149 [main] INFO  o.s.b.a.e.m.EndpointHandlerMapping - Mapped "{[/logfile || /logfile.json],methods=[GET || HEAD]}" onto public void org.springframework.boot.actuate.endpoint.mvc.LogFileMvcEndpoint.invoke(javax.servlet.http.HttpServletRequest,javax.servlet.http.HttpServletResponse) throws javax.servlet.ServletException,java.io.IOException
2016-04-25 21:25:21,789 5150 [main] INFO  o.s.b.a.e.m.EndpointHandlerMapping - Mapped "{[/beans || /beans.json],methods=[GET],produces=[application/json]}" onto public java.lang.Object org.springframework.boot.actuate.endpoint.mvc.EndpointMvcAdapter.invoke()
2016-04-25 21:25:21,789 5150 [main] INFO  o.s.b.a.e.m.EndpointHandlerMapping - Mapped "{[/trace || /trace.json],methods=[GET],produces=[application/json]}" onto public java.lang.Object org.springframework.boot.actuate.endpoint.mvc.EndpointMvcAdapter.invoke()
2016-04-25 21:25:22,005 5366 [main] INFO  o.s.w.s.m.m.a.RequestMappingHandlerAdapter - Looking for @ControllerAdvice: org.springframework.boot.context.embedded.AnnotationConfigEmbeddedWebApplicationContext@3ddd4e03: startup date [Mon Apr 25 21:25:17 EDT 2016]; root of context hierarchy
2016-04-25 21:25:22,066 5427 [main] INFO  o.s.w.s.h.SimpleUrlHandlerMapping - Mapped URL path [/webjars/**] onto handler of type [class org.springframework.web.servlet.resource.ResourceHttpRequestHandler]
2016-04-25 21:25:22,066 5427 [main] INFO  o.s.w.s.h.SimpleUrlHandlerMapping - Mapped URL path [/**] onto handler of type [class org.springframework.web.servlet.resource.ResourceHttpRequestHandler]
2016-04-25 21:25:22,107 5468 [main] INFO  o.s.w.s.h.SimpleUrlHandlerMapping - Mapped URL path [/**/favicon.ico] onto handler of type [class org.springframework.web.servlet.resource.ResourceHttpRequestHandler]
2016-04-25 21:25:22,349 5710 [main] INFO  o.s.j.e.a.AnnotationMBeanExporter - Registering beans for JMX exposure on startup
2016-04-25 21:25:22,355 5716 [main] INFO  o.s.b.a.e.jmx.EndpointMBeanExporter - Registering beans for JMX exposure on startup
2016-04-25 21:25:22,360 5721 [main] INFO  o.s.c.s.DefaultLifecycleProcessor - Starting beans in phase 0
2016-04-25 21:25:22,362 5723 [main] INFO  o.s.b.a.e.jmx.EndpointMBeanExporter - Located managed bean 'requestMappingEndpoint': registering with JMX server as MBean [org.springframework.boot:type=Endpoint,name=requestMappingEndpoint]
2016-04-25 21:25:22,388 5749 [main] INFO  o.s.b.a.e.jmx.EndpointMBeanExporter - Located managed bean 'environmentEndpoint': registering with JMX server as MBean [org.springframework.boot:type=Endpoint,name=environmentEndpoint]
2016-04-25 21:25:22,398 5759 [main] INFO  o.s.b.a.e.jmx.EndpointMBeanExporter - Located managed bean 'healthEndpoint': registering with JMX server as MBean [org.springframework.boot:type=Endpoint,name=healthEndpoint]
2016-04-25 21:25:22,406 5767 [main] INFO  o.s.b.a.e.jmx.EndpointMBeanExporter - Located managed bean 'beansEndpoint': registering with JMX server as MBean [org.springframework.boot:type=Endpoint,name=beansEndpoint]
2016-04-25 21:25:22,412 5773 [main] INFO  o.s.b.a.e.jmx.EndpointMBeanExporter - Located managed bean 'infoEndpoint': registering with JMX server as MBean [org.springframework.boot:type=Endpoint,name=infoEndpoint]
2016-04-25 21:25:22,415 5776 [main] INFO  o.s.b.a.e.jmx.EndpointMBeanExporter - Located managed bean 'metricsEndpoint': registering with JMX server as MBean [org.springframework.boot:type=Endpoint,name=metricsEndpoint]
2016-04-25 21:25:22,418 5779 [main] INFO  o.s.b.a.e.jmx.EndpointMBeanExporter - Located managed bean 'traceEndpoint': registering with JMX server as MBean [org.springframework.boot:type=Endpoint,name=traceEndpoint]
2016-04-25 21:25:22,421 5782 [main] INFO  o.s.b.a.e.jmx.EndpointMBeanExporter - Located managed bean 'dumpEndpoint': registering with JMX server as MBean [org.springframework.boot:type=Endpoint,name=dumpEndpoint]
2016-04-25 21:25:22,427 5788 [main] INFO  o.s.b.a.e.jmx.EndpointMBeanExporter - Located managed bean 'autoConfigurationReportEndpoint': registering with JMX server as MBean [org.springframework.boot:type=Endpoint,name=autoConfigurationReportEndpoint]
2016-04-25 21:25:22,430 5791 [main] INFO  o.s.b.a.e.jmx.EndpointMBeanExporter - Located managed bean 'configurationPropertiesReportEndpoint': registering with JMX server as MBean [org.springframework.boot:type=Endpoint,name=configurationPropertiesReportEndpoint]
2016-04-25 21:25:22,454 5815 [main] INFO  s.d.s.w.p.DocumentationPluginsBootstrapper - Context refreshed
2016-04-25 21:25:22,492 5853 [main] INFO  s.d.s.w.p.DocumentationPluginsBootstrapper - Found 1 custom documentation plugin(s)
2016-04-25 21:25:22,503 5864 [main] INFO  s.d.s.w.s.ApiListingReferenceScanner - Scanning for api listing references
2016-04-25 21:25:22,813 6174 [main] INFO  o.a.coyote.http11.Http11NioProtocol - Initializing ProtocolHandler ["http-nio-8181"]
2016-04-25 21:25:22,820 6181 [main] INFO  o.a.coyote.http11.Http11NioProtocol - Starting ProtocolHandler ["http-nio-8181"]
2016-04-25 21:25:22,843 6204 [main] INFO  o.a.tomcat.util.net.NioSelectorPool - Using a shared selector for servlet write/read
2016-04-25 21:25:22,863 6224 [main] INFO  o.s.b.c.e.t.TomcatEmbeddedServletContainer - Tomcat started on port(s): 8181 (http)
2016-04-25 21:25:22,965 6326 [main] INFO  c.b.m.c.c.MondCoreServicesApplication - Started MondCoreServicesApplication in 5.889 seconds (JVM running for 11.182)
